<?xml version="1.0" encoding="UTF-8"?>
<!-- Generated by org.testng.reporters.JUnitReportReporter -->
<testsuite skipped="0" hostname="BRILAP1668" name="com.brillio.test.Login" tests="2" failures="0" timestamp="13 Nov 2022 12:08:49 GMT" time="50.717" errors="0">
  <testcase name="validCredentialTest" time="34.576" classname="com.brillio.test.Login"/>
  <testcase name="invalidCredentialTest" time="16.141" classname="com.brillio.test.Login"/>
</testsuite> <!-- com.brillio.test.Login -->
