<?xml version="1.0" encoding="UTF-8"?>
<!-- Generated by org.testng.reporters.JUnitReportReporter -->
<testsuite skipped="0" hostname="BRILAP1668" name="com.brillio.test.Login" tests="5" failures="0" timestamp="17 Nov 2022 14:18:32 GMT" time="85.384" errors="0">
  <testcase name="invalidCredentialTest" time="12.988" classname="com.brillio.test.Login"/>
  <testcase name="validCredentialTest" time="23.267" classname="com.brillio.test.Login"/>
  <testcase name="invalidCredentialTest" time="12.698" classname="com.brillio.test.Login"/>
  <testcase name="invalidCredentialTest" time="14.011" classname="com.brillio.test.Login"/>
  <testcase name="validCredentialTest" time="22.420" classname="com.brillio.test.Login"/>
</testsuite> <!-- com.brillio.test.Login -->
