<?xml version="1.0" encoding="UTF-8"?>
<!-- Generated by org.testng.reporters.JUnitReportReporter -->
<testsuite skipped="0" hostname="BRILAP1668" name="com.brillio.test.LoginUITest" tests="1" failures="0" timestamp="13 Nov 2022 12:14:59 GMT" time="16.673" errors="0">
  <testcase name="validateLoginTitle" time="16.673" classname="com.brillio.test.LoginUITest"/>
</testsuite> <!-- com.brillio.test.LoginUITest -->
