<?xml version="1.0" encoding="UTF-8"?>
<!-- Generated by org.testng.reporters.JUnitReportReporter -->
<testsuite skipped="0" hostname="BRILAP1668" name="com.brillio.test.Login" tests="3" failures="0" timestamp="15 Nov 2022 17:51:08 GMT" time="70.803" errors="0">
  <testcase name="invalidCredentialTest" time="34.180" classname="com.brillio.test.Login"/>
  <testcase name="invalidCredentialTest" time="19.489" classname="com.brillio.test.Login"/>
  <testcase name="invalidCredentialTest" time="17.134" classname="com.brillio.test.Login"/>
</testsuite> <!-- com.brillio.test.Login -->
