<?xml version="1.0" encoding="UTF-8"?>
<!-- Generated by org.testng.reporters.JUnitReportReporter -->
<testsuite skipped="0" hostname="BRILAP1668" name="com.brillio.test.LoginUITest" tests="1" failures="0" timestamp="17 Nov 2022 14:41:34 GMT" time="19.819" errors="0">
  <testcase name="validateLoginTitle" time="19.819" classname="com.brillio.test.LoginUITest"/>
</testsuite> <!-- com.brillio.test.LoginUITest -->
