<?xml version="1.0" encoding="UTF-8"?>
<!-- Generated by org.testng.reporters.JUnitReportReporter -->
<testsuite skipped="0" hostname="BRILAP1668" name="com.brillio.test.Login" tests="2" failures="0" timestamp="17 Nov 2022 14:08:07 GMT" time="47.340" errors="0">
  <testcase name="validCredentialTest" time="24.397" classname="com.brillio.test.Login"/>
  <testcase name="validCredentialTest" time="22.943" classname="com.brillio.test.Login"/>
</testsuite> <!-- com.brillio.test.Login -->
