<?xml version="1.0" encoding="UTF-8"?>
<!-- Generated by org.testng.reporters.JUnitReportReporter -->
<testsuite skipped="0" hostname="BRILAP1668" name="com.brillio.test.Login" tests="2" failures="0" timestamp="13 Nov 2022 06:18:53 GMT" time="48.792" errors="0">
  <testcase name="validCredentialTest" time="20.596" classname="com.brillio.test.Login"/>
  <testcase name="invalidCredentialTest" time="28.196" classname="com.brillio.test.Login"/>
</testsuite> <!-- com.brillio.test.Login -->
