<?xml version="1.0" encoding="UTF-8"?>
<!-- Generated by org.testng.reporters.JUnitReportReporter -->
<testsuite skipped="0" hostname="BRILAP1668" name="com.brillio.test.Login" tests="2" failures="0" timestamp="17 Nov 2022 11:43:46 GMT" time="89.164" errors="0">
  <testcase name="validCredentialTest" time="50.995" classname="com.brillio.test.Login"/>
  <testcase name="validCredentialTest" time="38.169" classname="com.brillio.test.Login"/>
</testsuite> <!-- com.brillio.test.Login -->
