<?xml version="1.0" encoding="UTF-8"?>
<!-- Generated by org.testng.reporters.JUnitReportReporter -->
<testsuite skipped="0" hostname="BRILAP1668" name="com.brillio.test.LoginUITest" tests="1" failures="0" timestamp="17 Nov 2022 11:40:45 GMT" time="31.302" errors="0">
  <testcase name="validateLoginTitle" time="31.302" classname="com.brillio.test.LoginUITest"/>
</testsuite> <!-- com.brillio.test.LoginUITest -->
